<?xml version="1.0" encoding="UTF-8"?>
<testsuite xmlns:xsi="http://www.w3.org/2001/XMLSchema-instance" xsi:noNamespaceSchemaLocation="https://maven.apache.org/surefire/maven-surefire-plugin/xsd/surefire-test-report.xsd" name="TestSuite" time="45.101" tests="3" errors="0" skipped="0" failures="0">
  <properties>
[...]
</properties>
  <testcase name="browser" classname="cases.BrowserTest" time="9.286"/>
  <testcase name="browser" classname="cases.BrowserTest" time="8.655"/>
  <testcase name="browser" classname="cases.BrowserTest" time="8.699"/>
</testsuite>